<?xml version="1.0" encoding="UTF-8"?>
<!-- Generated by org.testng.reporters.JUnitReportReporter -->
<testsuite skipped="1" hostname="Sandeeps-MacBook-Air.local" name="tutorial.selenium.SeleniumGrid_ParallelTest" tests="2" failures="0" timestamp="12 Nov 2018 19:12:17 GMT" time="3.663" errors="1">
  <testcase name="searchFlights" time="0.000" classname="tutorial.selenium.SeleniumGrid_ParallelTest">
    <skipped/>
  </testcase> <!-- searchFlights -->
  <testcase name="setUp" time="3.663" classname="tutorial.selenium.SeleniumGrid_ParallelTest">
    <error type="org.openqa.selenium.SessionNotCreatedException" message="TypeError: Given platformName [object String] &quot;mac&quot;, but current platform is [object String] &quot;darwin&quot;
Build info: version: &#039;3.141.5&#039;, revision: &#039;d54ebd709a&#039;, time: &#039;2018-11-06T11:58:47&#039;
System info: host: &#039;Sandeeps-MacBook-Air.local&#039;, ip: &#039;2604:3d09:1b80:2390:0:0:0:9099&#039;, os.name: &#039;Mac OS X&#039;, os.arch: &#039;x86_64&#039;, os.version: &#039;10.14.1&#039;, java.version: &#039;1.8.0_101&#039;
Driver info: driver.version: unknown
remote stacktrace: stack backtrace:
   0:        0x106407b9e - backtrace::backtrace::trace::hc694823f3e7463c0
   1:        0x106407d3c - backtrace::capture::Backtrace::new::h23089c033eded8f0
   2:        0x106398602 - webdriver::error::WebDriverError::new::hb89bfb2aa1745b23
   3:        0x1063a6b86 - geckodriver::marionette::MarionetteSession::response::hb524c3a4bb9b9b49
   4:        0x1063bb8ae - geckodriver::marionette::MarionetteConnection::send_command::h53a640c64277ee77
   5:        0x1063780e8 - _$LT$webdriver..server..Dispatcher$LT$T$C$$u20$U$GT$$GT$::run::h0fabb15c26e47636
   6:        0x10635b977 - std::panicking::try::do_call::h543af5bbc3bc1d87
   7:        0x10652431a - __rust_maybe_catch_panic
   8:        0x10636e0d5 - _$LT$F$u20$as$u20$alloc..boxed..FnBox$LT$A$GT$$GT$::call_box::h78dc3124c67e3eb7
   9:        0x1065204e4 - std::sys::imp::thread::Thread::new::thread_start::hba7593f2e1f1beb1
  10:     0x7fff63503338 - _pthread_body
  11:     0x7fff635062a6 - _pthread_start
Command duration or timeout: 2.83 seconds">
      <![CDATA[org.openqa.selenium.SessionNotCreatedException: TypeError: Given platformName [object String] "mac", but current platform is [object String] "darwin"
Build info: version: '3.141.5', revision: 'd54ebd709a', time: '2018-11-06T11:58:47'
System info: host: 'Sandeeps-MacBook-Air.local', ip: '2604:3d09:1b80:2390:0:0:0:9099', os.name: 'Mac OS X', os.arch: 'x86_64', os.version: '10.14.1', java.version: '1.8.0_101'
Driver info: driver.version: unknown
remote stacktrace: stack backtrace:
   0:        0x106407b9e - backtrace::backtrace::trace::hc694823f3e7463c0
   1:        0x106407d3c - backtrace::capture::Backtrace::new::h23089c033eded8f0
   2:        0x106398602 - webdriver::error::WebDriverError::new::hb89bfb2aa1745b23
   3:        0x1063a6b86 - geckodriver::marionette::MarionetteSession::response::hb524c3a4bb9b9b49
   4:        0x1063bb8ae - geckodriver::marionette::MarionetteConnection::send_command::h53a640c64277ee77
   5:        0x1063780e8 - _$LT$webdriver..server..Dispatcher$LT$T$C$$u20$U$GT$$GT$::run::h0fabb15c26e47636
   6:        0x10635b977 - std::panicking::try::do_call::h543af5bbc3bc1d87
   7:        0x10652431a - __rust_maybe_catch_panic
   8:        0x10636e0d5 - _$LT$F$u20$as$u20$alloc..boxed..FnBox$LT$A$GT$$GT$::call_box::h78dc3124c67e3eb7
   9:        0x1065204e4 - std::sys::imp::thread::Thread::new::thread_start::hba7593f2e1f1beb1
  10:     0x7fff63503338 - _pthread_body
  11:     0x7fff635062a6 - _pthread_start
Command duration or timeout: 2.83 seconds
at sun.reflect.NativeConstructorAccessorImpl.newInstance0(Native Method)
at sun.reflect.NativeConstructorAccessorImpl.newInstance(NativeConstructorAccessorImpl.java:62)
at sun.reflect.DelegatingConstructorAccessorImpl.newInstance(DelegatingConstructorAccessorImpl.java:45)
at java.lang.reflect.Constructor.newInstance(Constructor.java:423)
at org.openqa.selenium.remote.ErrorHandler.createThrowable(ErrorHandler.java:214)
at org.openqa.selenium.remote.ErrorHandler.throwIfResponseFailed(ErrorHandler.java:166)
at org.openqa.selenium.remote.JsonWireProtocolResponse.lambda$new$0(JsonWireProtocolResponse.java:53)
at org.openqa.selenium.remote.JsonWireProtocolResponse.lambda$getResponseFunction$2(JsonWireProtocolResponse.java:91)
at org.openqa.selenium.remote.ProtocolHandshake.lambda$createSession$0(ProtocolHandshake.java:122)
at java.util.stream.ReferencePipeline$3$1.accept(ReferencePipeline.java:193)
at java.util.Spliterators$ArraySpliterator.tryAdvance(Spliterators.java:958)
at java.util.stream.ReferencePipeline.forEachWithCancel(ReferencePipeline.java:126)
at java.util.stream.AbstractPipeline.copyIntoWithCancel(AbstractPipeline.java:498)
at java.util.stream.AbstractPipeline.copyInto(AbstractPipeline.java:485)
at java.util.stream.AbstractPipeline.wrapAndCopyInto(AbstractPipeline.java:471)
at java.util.stream.FindOps$FindOp.evaluateSequential(FindOps.java:152)
at java.util.stream.AbstractPipeline.evaluate(AbstractPipeline.java:234)
at java.util.stream.ReferencePipeline.findFirst(ReferencePipeline.java:464)
at org.openqa.selenium.remote.ProtocolHandshake.createSession(ProtocolHandshake.java:125)
at org.openqa.selenium.remote.ProtocolHandshake.createSession(ProtocolHandshake.java:73)
at org.openqa.selenium.remote.HttpCommandExecutor.execute(HttpCommandExecutor.java:136)
at org.openqa.selenium.remote.RemoteWebDriver.execute(RemoteWebDriver.java:548)
at org.openqa.selenium.remote.RemoteWebDriver.startSession(RemoteWebDriver.java:212)
at org.openqa.selenium.remote.RemoteWebDriver.<init>(RemoteWebDriver.java:130)
at org.openqa.selenium.remote.RemoteWebDriver.<init>(RemoteWebDriver.java:143)
at tutorial.selenium.SeleniumGrid_ParallelTest.setUp(SeleniumGrid_ParallelTest.java:30)
at sun.reflect.NativeMethodAccessorImpl.invoke0(Native Method)
at sun.reflect.NativeMethodAccessorImpl.invoke(NativeMethodAccessorImpl.java:62)
at sun.reflect.DelegatingMethodAccessorImpl.invoke(DelegatingMethodAccessorImpl.java:43)
at java.lang.reflect.Method.invoke(Method.java:498)
at org.testng.internal.MethodInvocationHelper.invokeMethod(MethodInvocationHelper.java:124)
at org.testng.internal.MethodInvocationHelper.invokeMethodConsideringTimeout(MethodInvocationHelper.java:59)
at org.testng.internal.Invoker.invokeConfigurationMethod(Invoker.java:458)
at org.testng.internal.Invoker.invokeConfigurations(Invoker.java:222)
at org.testng.internal.Invoker.invokeConfigurations(Invoker.java:142)
at org.testng.internal.TestMethodWorker.invokeBeforeClassMethods(TestMethodWorker.java:168)
at org.testng.internal.TestMethodWorker.run(TestMethodWorker.java:105)
at org.testng.TestRunner.privateRun(TestRunner.java:648)
at org.testng.TestRunner.run(TestRunner.java:505)
at org.testng.SuiteRunner.runTest(SuiteRunner.java:455)
at org.testng.SuiteRunner.runSequentially(SuiteRunner.java:450)
at org.testng.SuiteRunner.privateRun(SuiteRunner.java:415)
at org.testng.SuiteRunner.run(SuiteRunner.java:364)
at org.testng.SuiteRunnerWorker.runSuite(SuiteRunnerWorker.java:52)
at org.testng.SuiteRunnerWorker.run(SuiteRunnerWorker.java:84)
at org.testng.TestNG.runSuitesSequentially(TestNG.java:1208)
at org.testng.TestNG.runSuitesLocally(TestNG.java:1137)
at org.testng.TestNG.runSuites(TestNG.java:1049)
at org.testng.TestNG.run(TestNG.java:1017)
at org.testng.remote.AbstractRemoteTestNG.run(AbstractRemoteTestNG.java:114)
at org.testng.remote.RemoteTestNG.initAndRun(RemoteTestNG.java:251)
at org.testng.remote.RemoteTestNG.main(RemoteTestNG.java:77)
Caused by: org.openqa.selenium.SessionNotCreatedException: TypeError: Given platformName [object String] "mac", but current platform is [object String] "darwin"
Build info: version: '3.141.5', revision: 'd54ebd709a', time: '2018-11-06T11:58:47'
System info: host: 'Sandeeps-MacBook-Air.local', ip: '2604:3d09:1b80:2390:0:0:0:9099', os.name: 'Mac OS X', os.arch: 'x86_64', os.version: '10.14.1', java.version: '1.8.0_101'
Driver info: driver.version: unknown
remote stacktrace: stack backtrace:
   0:        0x106407b9e - backtrace::backtrace::trace::hc694823f3e7463c0
   1:        0x106407d3c - backtrace::capture::Backtrace::new::h23089c033eded8f0
   2:        0x106398602 - webdriver::error::WebDriverError::new::hb89bfb2aa1745b23
   3:        0x1063a6b86 - geckodriver::marionette::MarionetteSession::response::hb524c3a4bb9b9b49
   4:        0x1063bb8ae - geckodriver::marionette::MarionetteConnection::send_command::h53a640c64277ee77
   5:        0x1063780e8 - _$LT$webdriver..server..Dispatcher$LT$T$C$$u20$U$GT$$GT$::run::h0fabb15c26e47636
   6:        0x10635b977 - std::panicking::try::do_call::h543af5bbc3bc1d87
   7:        0x10652431a - __rust_maybe_catch_panic
   8:        0x10636e0d5 - _$LT$F$u20$as$u20$alloc..boxed..FnBox$LT$A$GT$$GT$::call_box::h78dc3124c67e3eb7
   9:        0x1065204e4 - std::sys::imp::thread::Thread::new::thread_start::hba7593f2e1f1beb1
  10:     0x7fff63503338 - _pthread_body
  11:     0x7fff635062a6 - _pthread_start
Build info: version: '3.14.0', revision: 'aacccce0', time: '2018-08-02T20:05:20.749Z'
System info: host: 'Sandeeps-MacBook-Air.local', ip: '2604:3d09:1b80:2390:0:0:0:9099', os.name: 'Mac OS X', os.arch: 'x86_64', os.version: '10.14.1', java.version: '1.8.0_101'
Driver info: driver.version: unknown
at sun.reflect.NativeConstructorAccessorImpl.newInstance0(Native Method)
at sun.reflect.NativeConstructorAccessorImpl.newInstance(NativeConstructorAccessorImpl.java:62)
at sun.reflect.DelegatingConstructorAccessorImpl.newInstance(DelegatingConstructorAccessorImpl.java:45)
at java.lang.reflect.Constructor.newInstance(Constructor.java:423)
at org.openqa.selenium.remote.W3CHandshakeResponse.lambda$errorHandler$0(W3CHandshakeResponse.java:62)
at org.openqa.selenium.remote.HandshakeResponse.lambda$getResponseFunction$0(HandshakeResponse.java:30)
at org.openqa.selenium.remote.ProtocolHandshake.lambda$createSession$0(ProtocolHandshake.java:123)
at java.util.stream.ReferencePipeline$3$1.accept(ReferencePipeline.java:193)
at java.util.Spliterators$ArraySpliterator.tryAdvance(Spliterators.java:958)
at java.util.stream.ReferencePipeline.forEachWithCancel(ReferencePipeline.java:126)
at java.util.stream.AbstractPipeline.copyIntoWithCancel(AbstractPipeline.java:498)
at java.util.stream.AbstractPipeline.copyInto(AbstractPipeline.java:485)
at java.util.stream.AbstractPipeline.wrapAndCopyInto(AbstractPipeline.java:471)
at java.util.stream.FindOps$FindOp.evaluateSequential(FindOps.java:152)
at java.util.stream.AbstractPipeline.evaluate(AbstractPipeline.java:234)
at java.util.stream.ReferencePipeline.findFirst(ReferencePipeline.java:464)
at org.openqa.selenium.remote.ProtocolHandshake.createSession(ProtocolHandshake.java:125)
at org.openqa.selenium.remote.ProtocolHandshake.createSession(ProtocolHandshake.java:74)
at org.openqa.selenium.grid.session.remote.RemoteSession$Factory.performHandshake(RemoteSession.java:147)
at org.openqa.selenium.grid.session.remote.ServicedSession$Factory.apply(ServicedSession.java:161)
at org.openqa.selenium.remote.server.ActiveSessionFactory.lambda$apply$12(ActiveSessionFactory.java:180)
at java.util.stream.ReferencePipeline$3$1.accept(ReferencePipeline.java:193)
at java.util.stream.ReferencePipeline$11$1.accept(ReferencePipeline.java:373)
at java.util.stream.ReferencePipeline$2$1.accept(ReferencePipeline.java:175)
at java.util.Spliterators$ArraySpliterator.tryAdvance(Spliterators.java:958)
at java.util.stream.ReferencePipeline.forEachWithCancel(ReferencePipeline.java:126)
at java.util.stream.AbstractPipeline.copyIntoWithCancel(AbstractPipeline.java:498)
at java.util.stream.AbstractPipeline.copyInto(AbstractPipeline.java:485)
at java.util.stream.AbstractPipeline.wrapAndCopyInto(AbstractPipeline.java:471)
at java.util.stream.FindOps$FindOp.evaluateSequential(FindOps.java:152)
at java.util.stream.AbstractPipeline.evaluate(AbstractPipeline.java:234)
at java.util.stream.ReferencePipeline.findFirst(ReferencePipeline.java:464)
at org.openqa.selenium.remote.server.ActiveSessionFactory.apply(ActiveSessionFactory.java:183)
at org.openqa.selenium.remote.server.NewSessionPipeline.lambda$null$2(NewSessionPipeline.java:66)
at java.util.stream.ReferencePipeline$3$1.accept(ReferencePipeline.java:193)
at java.util.stream.ReferencePipeline$2$1.accept(ReferencePipeline.java:175)
at java.util.Collections$2.tryAdvance(Collections.java:4717)
at java.util.stream.ReferencePipeline.forEachWithCancel(ReferencePipeline.java:126)
at java.util.stream.AbstractPipeline.copyIntoWithCancel(AbstractPipeline.java:498)
at java.util.stream.AbstractPipeline.copyInto(AbstractPipeline.java:485)
at java.util.stream.AbstractPipeline.wrapAndCopyInto(AbstractPipeline.java:471)
at java.util.stream.FindOps$FindOp.evaluateSequential(FindOps.java:152)
at java.util.stream.AbstractPipeline.evaluate(AbstractPipeline.java:234)
at java.util.stream.ReferencePipeline.findFirst(ReferencePipeline.java:464)
at org.openqa.selenium.remote.server.NewSessionPipeline.lambda$createNewSession$3(NewSessionPipeline.java:69)
at java.util.stream.ReferencePipeline$3$1.accept(ReferencePipeline.java:193)
at java.util.stream.ReferencePipeline$3$1.accept(ReferencePipeline.java:193)
at java.util.stream.ReferencePipeline$3$1.accept(ReferencePipeline.java:193)
at java.util.stream.DistinctOps$1$2.accept(DistinctOps.java:175)
at java.util.stream.ReferencePipeline$2$1.accept(ReferencePipeline.java:175)
at java.util.stream.ReferencePipeline$3$1.accept(ReferencePipeline.java:193)
at java.util.stream.ReferencePipeline$2$1.accept(ReferencePipeline.java:175)
at java.util.stream.Streams$StreamBuilderImpl.tryAdvance(Streams.java:405)
at java.util.stream.Streams$ConcatSpliterator.tryAdvance(Streams.java:728)
at java.util.stream.ReferencePipeline.forEachWithCancel(ReferencePipeline.java:126)
at java.util.stream.AbstractPipeline.copyIntoWithCancel(AbstractPipeline.java:498)
at java.util.stream.AbstractPipeline.copyInto(AbstractPipeline.java:485)
at java.util.stream.AbstractPipeline.wrapAndCopyInto(AbstractPipeline.java:471)
at java.util.stream.FindOps$FindOp.evaluateSequential(FindOps.java:152)
at java.util.stream.AbstractPipeline.evaluate(AbstractPipeline.java:234)
at java.util.stream.ReferencePipeline.findFirst(ReferencePipeline.java:464)
at org.openqa.selenium.remote.server.NewSessionPipeline.createNewSession(NewSessionPipeline.java:72)
at org.openqa.selenium.remote.server.commandhandler.BeginSession.execute(BeginSession.java:65)
at org.openqa.selenium.remote.server.WebDriverServlet.lambda$handle$0(WebDriverServlet.java:235)
at java.util.concurrent.Executors$RunnableAdapter.call(Executors.java:511)
at java.util.concurrent.FutureTask.run(FutureTask.java:266)
at java.util.concurrent.ThreadPoolExecutor.runWorker(ThreadPoolExecutor.java:1142)
at java.util.concurrent.ThreadPoolExecutor$Worker.run(ThreadPoolExecutor.java:617)
at java.lang.Thread.run(Thread.java:745)
]]>
    </error>
  </testcase> <!-- setUp -->
</testsuite> <!-- tutorial.selenium.SeleniumGrid_ParallelTest -->
